# JRE version: Java(TM) SE Runtime Environment (8.0_144-b01) (build 1.8.0_144-b01)
# Java VM: Java HotSpot(TM) 64-Bit Server VM (25.144-b01 mixed mode windows-amd64 compressed oops)
Heap:
 PSYoungGen      total 257536K, used 174582K [0x00000000eab00000, 0x00000000fcf80000, 0x0000000100000000)
  eden space 238080K, 65% used [0x00000000eab00000,0x00000000f4298548,0x00000000f9380000)
  from space 19456K, 99% used [0x00000000f9e00000,0x00000000fb0e5390,0x00000000fb100000)
  to   space 30720K, 0% used [0x00000000fb180000,0x00000000fb180000,0x00000000fcf80000)
 ParOldGen       total 103424K, used 69725K [0x00000000c0000000, 0x00000000c6500000, 0x00000000eab00000)
  object space 103424K, 67% used [0x00000000c0000000,0x00000000c44177b8,0x00000000c6500000)
 Metaspace       used 65941K, capacity 74258K, committed 74328K, reserved 1112064K
  class space    used 8268K, capacity 10842K, committed 10880K, reserved 1048576K
GC Heap History (10 events):
Event: 9.945 GC heap before
{Heap before GC invocations=20 (full 3):
 PSYoungGen      total 231936K, used 15852K [0x00000000eab00000, 0x00000000fc780000, 0x0000000100000000)
  eden space 216064K, 0% used [0x00000000eab00000,0x00000000eab00000,0x00000000f7e00000)
  from space 15872K, 99% used [0x00000000f7e00000,0x00000000f8d7b3f0,0x00000000f8d80000)
  to   space 25088K, 0% used [0x00000000faf00000,0x00000000faf00000,0x00000000fc780000)
 ParOldGen       total 58368K, used 46400K [0x00000000c0000000, 0x00000000c3900000, 0x00000000eab00000)
  object space 58368K, 79% used [0x00000000c0000000,0x00000000c2d50000,0x00000000c3900000)
 Metaspace       used 51303K, capacity 56682K, committed 56792K, reserved 1097728K
  class space    used 6443K, capacity 7870K, committed 7936K, reserved 1048576K
Event: 10.144 GC heap after
Heap after GC invocations=20 (full 3):
 PSYoungGen      total 231936K, used 0K [0x00000000eab00000, 0x00000000fc780000, 0x0000000100000000)
  eden space 216064K, 0% used [0x00000000eab00000,0x00000000eab00000,0x00000000f7e00000)
  from space 15872K, 0% used [0x00000000f7e00000,0x00000000f7e00000,0x00000000f8d80000)
  to   space 25088K, 0% used [0x00000000faf00000,0x00000000faf00000,0x00000000fc780000)
 ParOldGen       total 103424K, used 57580K [0x00000000c0000000, 0x00000000c6500000, 0x00000000eab00000)
  object space 103424K, 55% used [0x00000000c0000000,0x00000000c383b140,0x00000000c6500000)
 Metaspace       used 51303K, capacity 56682K, committed 56792K, reserved 1097728K
  class space    used 6443K, capacity 7870K, committed 7936K, reserved 1048576K
}
Event: 13.162 GC heap before
{Heap before GC invocations=21 (full 3):
 PSYoungGen      total 231936K, used 216064K [0x00000000eab00000, 0x00000000fc780000, 0x0000000100000000)
  eden space 216064K, 100% used [0x00000000eab00000,0x00000000f7e00000,0x00000000f7e00000)
  from space 15872K, 0% used [0x00000000f7e00000,0x00000000f7e00000,0x00000000f8d80000)
  to   space 25088K, 0% used [0x00000000faf00000,0x00000000faf00000,0x00000000fc780000)
 ParOldGen       total 103424K, used 57580K [0x00000000c0000000, 0x00000000c6500000, 0x00000000eab00000)
  object space 103424K, 55% used [0x00000000c0000000,0x00000000c383b140,0x00000000c6500000)
 Metaspace       used 55468K, capacity 62358K, committed 62424K, reserved 1103872K
  class space    used 7040K, capacity 8953K, committed 8960K, reserved 1048576K
Event: 13.173 GC heap after
Heap after GC invocations=21 (full 3):
 PSYoungGen      total 253952K, used 10536K [0x00000000eab00000, 0x00000000fc080000, 0x0000000100000000)
  eden space 236032K, 0% used [0x00000000eab00000,0x00000000eab00000,0x00000000f9180000)
  from space 17920K, 58% used [0x00000000faf00000,0x00000000fb94a028,0x00000000fc080000)
  to   space 24064K, 0% used [0x00000000f9180000,0x00000000f9180000,0x00000000fa900000)
 ParOldGen       total 103424K, used 57588K [0x00000000c0000000, 0x00000000c6500000, 0x00000000eab00000)
  object space 103424K, 55% used [0x00000000c0000000,0x00000000c383d140,0x00000000c6500000)
 Metaspace       used 55468K, capacity 62358K, committed 62424K, reserved 1103872K
  class space    used 7040K, capacity 8953K, committed 8960K, reserved 1048576K
}
Event: 20.732 GC heap before
{Heap before GC invocations=22 (full 3):
 PSYoungGen      total 253952K, used 246568K [0x00000000eab00000, 0x00000000fc080000, 0x0000000100000000)
  eden space 236032K, 100% used [0x00000000eab00000,0x00000000f9180000,0x00000000f9180000)
  from space 17920K, 58% used [0x00000000faf00000,0x00000000fb94a028,0x00000000fc080000)
  to   space 24064K, 0% used [0x00000000f9180000,0x00000000f9180000,0x00000000fa900000)
 ParOldGen       total 103424K, used 57588K [0x00000000c0000000, 0x00000000c6500000, 0x00000000eab00000)
  object space 103424K, 55% used [0x00000000c0000000,0x00000000c383d140,0x00000000c6500000)
 Metaspace       used 63537K, capacity 71758K, committed 71896K, reserved 1110016K
  class space    used 8097K, capacity 10640K, committed 10752K, reserved 1048576K
Event: 20.747 GC heap after
Heap after GC invocations=22 (full 3):
 PSYoungGen      total 260096K, used 14783K [0x00000000eab00000, 0x00000000fd280000, 0x0000000100000000)
  eden space 236032K, 0% used [0x00000000eab00000,0x00000000eab00000,0x00000000f9180000)
  from space 24064K, 61% used [0x00000000f9180000,0x00000000f9fefd30,0x00000000fa900000)
  to   space 24064K, 0% used [0x00000000fbb00000,0x00000000fbb00000,0x00000000fd280000)
 ParOldGen       total 103424K, used 57596K [0x00000000c0000000, 0x00000000c6500000, 0x00000000eab00000)
  object space 103424K, 55% used [0x00000000c0000000,0x00000000c383f140,0x00000000c6500000)
 Metaspace       used 63537K, capacity 71758K, committed 71896K, reserved 1110016K
  class space    used 8097K, capacity 10640K, committed 10752K, reserved 1048576K
}
Event: 201.997 GC heap before
{Heap before GC invocations=23 (full 3):
 PSYoungGen      total 260096K, used 250815K [0x00000000eab00000, 0x00000000fd280000, 0x0000000100000000)
  eden space 236032K, 100% used [0x00000000eab00000,0x00000000f9180000,0x00000000f9180000)
  from space 24064K, 61% used [0x00000000f9180000,0x00000000f9fefd30,0x00000000fa900000)
  to   space 24064K, 0% used [0x00000000fbb00000,0x00000000fbb00000,0x00000000fd280000)
 ParOldGen       total 103424K, used 57596K [0x00000000c0000000, 0x00000000c6500000, 0x00000000eab00000)
  object space 103424K, 55% used [0x00000000c0000000,0x00000000c383f140,0x00000000c6500000)
 Metaspace       used 64904K, capacity 73212K, committed 73432K, reserved 1112064K
  class space    used 8169K, capacity 10724K, committed 10752K, reserved 1048576K
Event: 202.020 GC heap after
Heap after GC invocations=23 (full 3):
 PSYoungGen      total 272896K, used 24041K [0x00000000eab00000, 0x00000000fd980000, 0x0000000100000000)
  eden space 248832K, 0% used [0x00000000eab00000,0x00000000eab00000,0x00000000f9e00000)
  from space 24064K, 99% used [0x00000000fbb00000,0x00000000fd27a670,0x00000000fd280000)
  to   space 29696K, 0% used [0x00000000f9e00000,0x00000000f9e00000,0x00000000fbb00000)
 ParOldGen       total 103424K, used 62745K [0x00000000c0000000, 0x00000000c6500000, 0x00000000eab00000)
  object space 103424K, 60% used [0x00000000c0000000,0x00000000c3d46728,0x00000000c6500000)
 Metaspace       used 64904K, capacity 73212K, committed 73432K, reserved 1112064K
  class space    used 8169K, capacity 10724K, committed 10752K, reserved 1048576K
}
Event: 1572.655 GC heap before
{Heap before GC invocations=24 (full 3):
 PSYoungGen      total 272896K, used 269627K [0x00000000eab00000, 0x00000000fd980000, 0x0000000100000000)
  eden space 248832K, 98% used [0x00000000eab00000,0x00000000f9ad4718,0x00000000f9e00000)
  from space 24064K, 99% used [0x00000000fbb00000,0x00000000fd27a670,0x00000000fd280000)
  to   space 29696K, 0% used [0x00000000f9e00000,0x00000000f9e00000,0x00000000fbb00000)
 ParOldGen       total 103424K, used 62745K [0x00000000c0000000, 0x00000000c6500000, 0x00000000eab00000)
  object space 103424K, 60% used [0x00000000c0000000,0x00000000c3d46728,0x00000000c6500000)
 Metaspace       used 65938K, capacity 74258K, committed 74328K, reserved 1112064K
  class space    used 8268K, capacity 10842K, committed 10880K, reserved 1048576K
Event: 1572.679 GC heap after
Heap after GC invocations=24 (full 3):
 PSYoungGen      total 257536K, used 19348K [0x00000000eab00000, 0x00000000fcf80000, 0x0000000100000000)
  eden space 238080K, 0% used [0x00000000eab00000,0x00000000eab00000,0x00000000f9380000)
  from space 19456K, 99% used [0x00000000f9e00000,0x00000000fb0e5390,0x00000000fb100000)
  to   space 30720K, 0% used [0x00000000fb180000,0x00000000fb180000,0x00000000fcf80000)
 ParOldGen       total 103424K, used 69725K [0x00000000c0000000, 0x00000000c6500000, 0x00000000eab00000)
  object space 103424K, 67% used [0x00000000c0000000,0x00000000c44177b8,0x00000000c6500000)
 Metaspace       used 65938K, capacity 74258K, committed 74328K, reserved 1112064K
  class space    used 8268K, capacity 10842K, committed 10880K, reserved 1048576K
}

